{"C:\\Users\\avata\\OneDrive\\Documents\\04OPENCLASSROOM DEV FRONTEND\\Projet 9\\Billed-Project-9\\Billed-app-FR-Front\\src\\constants\\routes.js": {"path":"C:\\Users\\avata\\OneDrive\\Documents\\04OPENCLASSROOM DEV FRONTEND\\Projet 9\\Billed-Project-9\\Billed-app-FR-Front\\src\\constants\\routes.js","statementMap":{"0":{"start":{"line":6,"column":27},"end":{"line":11,"column":1}},"1":{"start":{"line":13,"column":22},"end":{"line":26,"column":1}},"2":{"start":{"line":14,"column":2},"end":{"line":25,"column":3}},"3":{"start":{"line":16,"column":6},"end":{"line":16,"column":46}},"4":{"start":{"line":18,"column":6},"end":{"line":18,"column":46}},"5":{"start":{"line":20,"column":6},"end":{"line":20,"column":24}},"6":{"start":{"line":22,"column":6},"end":{"line":22,"column":50}},"7":{"start":{"line":24,"column":6},"end":{"line":24,"column":46}}},"fnMap":{"0":{"name":"(anonymous_0)","decl":{"start":{"line":13,"column":22},"end":{"line":13,"column":23}},"loc":{"start":{"line":13,"column":62},"end":{"line":26,"column":1}},"line":13}},"branchMap":{"0":{"loc":{"start":{"line":14,"column":2},"end":{"line":25,"column":3}},"type":"switch","locations":[{"start":{"line":15,"column":4},"end":{"line":16,"column":46}},{"start":{"line":17,"column":4},"end":{"line":18,"column":46}},{"start":{"line":19,"column":4},"end":{"line":20,"column":24}},{"start":{"line":21,"column":4},"end":{"line":22,"column":50}},{"start":{"line":23,"column":4},"end":{"line":24,"column":46}}],"line":14}},"s":{"0":6,"1":6,"2":14,"3":3,"4":3,"5":3,"6":3,"7":2},"f":{"0":14},"b":{"0":[3,3,3,3,2]},"_coverageSchema":"1a1c01bbd47fc00a2c39e90264f33305004495a9","hash":"fdf0c83bf7892e480c99ab67b379f8763049190a"}
,"C:\\Users\\avata\\OneDrive\\Documents\\04OPENCLASSROOM DEV FRONTEND\\Projet 9\\Billed-Project-9\\Billed-app-FR-Front\\src\\constants\\usersTest.js": {"path":"C:\\Users\\avata\\OneDrive\\Documents\\04OPENCLASSROOM DEV FRONTEND\\Projet 9\\Billed-Project-9\\Billed-app-FR-Front\\src\\constants\\usersTest.js","statementMap":{},"fnMap":{},"branchMap":{},"s":{},"f":{},"b":{},"_coverageSchema":"1a1c01bbd47fc00a2c39e90264f33305004495a9","hash":"74be5ac903531c784bb43f4b6fccf4189cd7ac1a"}
,"C:\\Users\\avata\\OneDrive\\Documents\\04OPENCLASSROOM DEV FRONTEND\\Projet 9\\Billed-Project-9\\Billed-app-FR-Front\\src\\containers\\Bills.js": {"path":"C:\\Users\\avata\\OneDrive\\Documents\\04OPENCLASSROOM DEV FRONTEND\\Projet 9\\Billed-Project-9\\Billed-app-FR-Front\\src\\containers\\Bills.js","statementMap":{"0":{"start":{"line":7,"column":4},"end":{"line":7,"column":28}},"1":{"start":{"line":8,"column":4},"end":{"line":8,"column":32}},"2":{"start":{"line":9,"column":4},"end":{"line":9,"column":30}},"3":{"start":{"line":10,"column":26},"end":{"line":10,"column":86}},"4":{"start":{"line":11,"column":4},"end":{"line":11,"column":87}},"5":{"start":{"line":11,"column":23},"end":{"line":11,"column":87}},"6":{"start":{"line":12,"column":20},"end":{"line":12,"column":76}},"7":{"start":{"line":13,"column":4},"end":{"line":15,"column":6}},"8":{"start":{"line":13,"column":17},"end":{"line":15,"column":6}},"9":{"start":{"line":14,"column":6},"end":{"line":14,"column":73}},"10":{"start":{"line":14,"column":43},"end":{"line":14,"column":72}},"11":{"start":{"line":16,"column":4},"end":{"line":16,"column":54}},"12":{"start":{"line":18,"column":23},"end":{"line":20,"column":3}},"13":{"start":{"line":19,"column":4},"end":{"line":19,"column":43}},"14":{"start":{"line":21,"column":23},"end":{"line":26,"column":3}},"15":{"start":{"line":22,"column":20},"end":{"line":22,"column":54}},"16":{"start":{"line":23,"column":21},"end":{"line":23,"column":63}},"17":{"start":{"line":24,"column":4},"end":{"line":24,"column":168}},"18":{"start":{"line":25,"column":4},"end":{"line":25,"column":34}}},"fnMap":{"0":{"name":"(anonymous_0)","decl":{"start":{"line":6,"column":2},"end":{"line":6,"column":3}},"loc":{"start":{"line":6,"column":65},"end":{"line":17,"column":3}},"line":6},"1":{"name":"(anonymous_1)","decl":{"start":{"line":13,"column":33},"end":{"line":13,"column":34}},"loc":{"start":{"line":13,"column":41},"end":{"line":15,"column":5}},"line":13},"2":{"name":"(anonymous_2)","decl":{"start":{"line":14,"column":37},"end":{"line":14,"column":38}},"loc":{"start":{"line":14,"column":43},"end":{"line":14,"column":72}},"line":14},"3":{"name":"(anonymous_3)","decl":{"start":{"line":18,"column":23},"end":{"line":18,"column":24}},"loc":{"start":{"line":18,"column":29},"end":{"line":20,"column":3}},"line":18},"4":{"name":"(anonymous_4)","decl":{"start":{"line":21,"column":23},"end":{"line":21,"column":24}},"loc":{"start":{"line":21,"column":33},"end":{"line":26,"column":3}},"line":21}},"branchMap":{"0":{"loc":{"start":{"line":11,"column":4},"end":{"line":11,"column":87}},"type":"if","locations":[{"start":{"line":11,"column":4},"end":{"line":11,"column":87}},{"start":{"line":11,"column":4},"end":{"line":11,"column":87}}],"line":11},"1":{"loc":{"start":{"line":13,"column":4},"end":{"line":15,"column":6}},"type":"if","locations":[{"start":{"line":13,"column":4},"end":{"line":15,"column":6}},{"start":{"line":13,"column":4},"end":{"line":15,"column":6}}],"line":13}},"s":{"0":3,"1":3,"2":3,"3":3,"4":3,"5":2,"6":3,"7":3,"8":3,"9":8,"10":1,"11":3,"12":3,"13":2,"14":3,"15":2,"16":2,"17":2,"18":2},"f":{"0":3,"1":8,"2":1,"3":2,"4":2},"b":{"0":[2,1],"1":[3,0]},"_coverageSchema":"1a1c01bbd47fc00a2c39e90264f33305004495a9","hash":"0ded9d99ec2b80312f5f8a1f92feddaf9790cd92"}
,"C:\\Users\\avata\\OneDrive\\Documents\\04OPENCLASSROOM DEV FRONTEND\\Projet 9\\Billed-Project-9\\Billed-app-FR-Front\\src\\containers\\Dashboard.js": {"path":"C:\\Users\\avata\\OneDrive\\Documents\\04OPENCLASSROOM DEV FRONTEND\\Projet 9\\Billed-Project-9\\Billed-app-FR-Front\\src\\containers\\Dashboard.js","statementMap":{"0":{"start":{"line":15,"column":29},"end":{"line":35,"column":1}},"1":{"start":{"line":16,"column":2},"end":{"line":34,"column":11}},"2":{"start":{"line":21,"column":6},"end":{"line":31,"column":7}},"3":{"start":{"line":22,"column":8},"end":{"line":22,"column":50}},"4":{"start":{"line":33,"column":6},"end":{"line":33,"column":28}},"5":{"start":{"line":43,"column":20},"end":{"line":66,"column":1}},"6":{"start":{"line":44,"column":28},"end":{"line":44,"column":52}},"7":{"start":{"line":45,"column":20},"end":{"line":46,"column":40}},"8":{"start":{"line":47,"column":19},"end":{"line":48,"column":53}},"9":{"start":{"line":50,"column":2},"end":{"line":65,"column":4}},"10":{"start":{"line":74,"column":21},"end":{"line":77,"column":1}},"11":{"start":{"line":75,"column":22},"end":{"line":75,"column":78}},"12":{"start":{"line":75,"column":42},"end":{"line":75,"column":77}},"13":{"start":{"line":76,"column":2},"end":{"line":76,"column":84}},"14":{"start":{"line":76,"column":59},"end":{"line":76,"column":69}},"15":{"start":{"line":79,"column":25},"end":{"line":88,"column":1}},"16":{"start":{"line":80,"column":2},"end":{"line":87,"column":3}},"17":{"start":{"line":82,"column":6},"end":{"line":82,"column":22}},"18":{"start":{"line":84,"column":6},"end":{"line":84,"column":23}},"19":{"start":{"line":86,"column":6},"end":{"line":86,"column":22}},"20":{"start":{"line":92,"column":4},"end":{"line":92,"column":28}},"21":{"start":{"line":93,"column":4},"end":{"line":93,"column":32}},"22":{"start":{"line":94,"column":4},"end":{"line":94,"column":30}},"23":{"start":{"line":95,"column":4},"end":{"line":95,"column":71}},"24":{"start":{"line":95,"column":35},"end":{"line":95,"column":70}},"25":{"start":{"line":96,"column":4},"end":{"line":96,"column":71}},"26":{"start":{"line":96,"column":35},"end":{"line":96,"column":70}},"27":{"start":{"line":97,"column":4},"end":{"line":97,"column":71}},"28":{"start":{"line":97,"column":35},"end":{"line":97,"column":70}},"29":{"start":{"line":98,"column":4},"end":{"line":98,"column":27}},"30":{"start":{"line":99,"column":4},"end":{"line":99,"column":44}},"31":{"start":{"line":102,"column":23},"end":{"line":107,"column":3}},"32":{"start":{"line":103,"column":20},"end":{"line":103,"column":58}},"33":{"start":{"line":104,"column":21},"end":{"line":104,"column":69}},"34":{"start":{"line":105,"column":4},"end":{"line":105,"column":145}},"35":{"start":{"line":106,"column":4},"end":{"line":106,"column":96}},"36":{"start":{"line":106,"column":60},"end":{"line":106,"column":96}},"37":{"start":{"line":110,"column":4},"end":{"line":110,"column":75}},"38":{"start":{"line":110,"column":59},"end":{"line":110,"column":75}},"39":{"start":{"line":111,"column":4},"end":{"line":111,"column":71}},"40":{"start":{"line":111,"column":54},"end":{"line":111,"column":71}},"41":{"start":{"line":112,"column":4},"end":{"line":128,"column":5}},"42":{"start":{"line":113,"column":6},"end":{"line":115,"column":8}},"43":{"start":{"line":114,"column":8},"end":{"line":114,"column":61}},"44":{"start":{"line":116,"column":6},"end":{"line":116,"column":62}},"45":{"start":{"line":117,"column":6},"end":{"line":117,"column":69}},"46":{"start":{"line":118,"column":6},"end":{"line":118,"column":52}},"47":{"start":{"line":119,"column":6},"end":{"line":119,"column":21}},"48":{"start":{"line":121,"column":6},"end":{"line":121,"column":62}},"49":{"start":{"line":123,"column":6},"end":{"line":125,"column":8}},"50":{"start":{"line":126,"column":6},"end":{"line":126,"column":52}},"51":{"start":{"line":127,"column":6},"end":{"line":127,"column":21}},"52":{"start":{"line":129,"column":4},"end":{"line":129,"column":51}},"53":{"start":{"line":130,"column":4},"end":{"line":130,"column":72}},"54":{"start":{"line":130,"column":39},"end":{"line":130,"column":71}},"55":{"start":{"line":131,"column":4},"end":{"line":131,"column":72}},"56":{"start":{"line":131,"column":39},"end":{"line":131,"column":71}},"57":{"start":{"line":134,"column":23},"end":{"line":142,"column":3}},"58":{"start":{"line":135,"column":20},"end":{"line":139,"column":5}},"59":{"start":{"line":140,"column":4},"end":{"line":140,"column":28}},"60":{"start":{"line":141,"column":4},"end":{"line":141,"column":45}},"61":{"start":{"line":144,"column":23},"end":{"line":152,"column":3}},"62":{"start":{"line":145,"column":20},"end":{"line":149,"column":5}},"63":{"start":{"line":150,"column":4},"end":{"line":150,"column":28}},"64":{"start":{"line":151,"column":4},"end":{"line":151,"column":45}},"65":{"start":{"line":163,"column":4},"end":{"line":163,"column":37}},"66":{"start":{"line":164,"column":4},"end":{"line":164,"column":76}},"67":{"start":{"line":164,"column":60},"end":{"line":164,"column":76}},"68":{"start":{"line":165,"column":4},"end":{"line":165,"column":76}},"69":{"start":{"line":165,"column":58},"end":{"line":165,"column":76}},"70":{"start":{"line":166,"column":4},"end":{"line":177,"column":5}},"71":{"start":{"line":167,"column":6},"end":{"line":167,"column":69}},"72":{"start":{"line":168,"column":6},"end":{"line":169,"column":65}},"73":{"start":{"line":170,"column":6},"end":{"line":170,"column":21}},"74":{"start":{"line":171,"column":6},"end":{"line":171,"column":32}},"75":{"start":{"line":173,"column":6},"end":{"line":173,"column":70}},"76":{"start":{"line":174,"column":6},"end":{"line":175,"column":17}},"77":{"start":{"line":176,"column":6},"end":{"line":176,"column":21}},"78":{"start":{"line":179,"column":4},"end":{"line":184,"column":6}},"79":{"start":{"line":181,"column":6},"end":{"line":183,"column":10}},"80":{"start":{"line":182,"column":8},"end":{"line":182,"column":45}},"81":{"start":{"line":186,"column":4},"end":{"line":186,"column":16}},"82":{"start":{"line":191,"column":21},"end":{"line":208,"column":5}},"83":{"start":{"line":192,"column":4},"end":{"line":207,"column":7}},"84":{"start":{"line":193,"column":6},"end":{"line":206,"column":25}},"85":{"start":{"line":197,"column":22},"end":{"line":203,"column":11}},"86":{"start":{"line":198,"column":21},"end":{"line":203,"column":9}},"87":{"start":{"line":204,"column":8},"end":{"line":204,"column":20}}},"fnMap":{"0":{"name":"(anonymous_0)","decl":{"start":{"line":15,"column":29},"end":{"line":15,"column":30}},"loc":{"start":{"line":15,"column":47},"end":{"line":35,"column":1}},"line":15},"1":{"name":"(anonymous_1)","decl":{"start":{"line":17,"column":16},"end":{"line":17,"column":17}},"loc":{"start":{"line":17,"column":24},"end":{"line":34,"column":5}},"line":17},"2":{"name":"(anonymous_2)","decl":{"start":{"line":43,"column":20},"end":{"line":43,"column":21}},"loc":{"start":{"line":43,"column":30},"end":{"line":66,"column":1}},"line":43},"3":{"name":"(anonymous_3)","decl":{"start":{"line":74,"column":21},"end":{"line":74,"column":22}},"loc":{"start":{"line":74,"column":32},"end":{"line":77,"column":1}},"line":74},"4":{"name":"(anonymous_4)","decl":{"start":{"line":75,"column":33},"end":{"line":75,"column":34}},"loc":{"start":{"line":75,"column":42},"end":{"line":75,"column":77}},"line":75},"5":{"name":"(anonymous_5)","decl":{"start":{"line":76,"column":51},"end":{"line":76,"column":52}},"loc":{"start":{"line":76,"column":59},"end":{"line":76,"column":69}},"line":76},"6":{"name":"(anonymous_6)","decl":{"start":{"line":79,"column":25},"end":{"line":79,"column":26}},"loc":{"start":{"line":79,"column":36},"end":{"line":88,"column":1}},"line":79},"7":{"name":"(anonymous_7)","decl":{"start":{"line":91,"column":2},"end":{"line":91,"column":3}},"loc":{"start":{"line":91,"column":72},"end":{"line":100,"column":3}},"line":91},"8":{"name":"(anonymous_8)","decl":{"start":{"line":95,"column":28},"end":{"line":95,"column":29}},"loc":{"start":{"line":95,"column":35},"end":{"line":95,"column":70}},"line":95},"9":{"name":"(anonymous_9)","decl":{"start":{"line":96,"column":28},"end":{"line":96,"column":29}},"loc":{"start":{"line":96,"column":35},"end":{"line":96,"column":70}},"line":96},"10":{"name":"(anonymous_10)","decl":{"start":{"line":97,"column":28},"end":{"line":97,"column":29}},"loc":{"start":{"line":97,"column":35},"end":{"line":97,"column":70}},"line":97},"11":{"name":"(anonymous_11)","decl":{"start":{"line":102,"column":23},"end":{"line":102,"column":24}},"loc":{"start":{"line":102,"column":29},"end":{"line":107,"column":3}},"line":102},"12":{"name":"(anonymous_12)","decl":{"start":{"line":109,"column":2},"end":{"line":109,"column":3}},"loc":{"start":{"line":109,"column":35},"end":{"line":132,"column":3}},"line":109},"13":{"name":"(anonymous_13)","decl":{"start":{"line":113,"column":20},"end":{"line":113,"column":21}},"loc":{"start":{"line":113,"column":25},"end":{"line":115,"column":7}},"line":113},"14":{"name":"(anonymous_14)","decl":{"start":{"line":130,"column":32},"end":{"line":130,"column":33}},"loc":{"start":{"line":130,"column":39},"end":{"line":130,"column":71}},"line":130},"15":{"name":"(anonymous_15)","decl":{"start":{"line":131,"column":32},"end":{"line":131,"column":33}},"loc":{"start":{"line":131,"column":39},"end":{"line":131,"column":71}},"line":131},"16":{"name":"(anonymous_16)","decl":{"start":{"line":134,"column":23},"end":{"line":134,"column":24}},"loc":{"start":{"line":134,"column":36},"end":{"line":142,"column":3}},"line":134},"17":{"name":"(anonymous_17)","decl":{"start":{"line":144,"column":23},"end":{"line":144,"column":24}},"loc":{"start":{"line":144,"column":36},"end":{"line":152,"column":3}},"line":144},"18":{"name":"(anonymous_18)","decl":{"start":{"line":162,"column":2},"end":{"line":162,"column":3}},"loc":{"start":{"line":162,"column":37},"end":{"line":188,"column":3}},"line":162},"19":{"name":"(anonymous_19)","decl":{"start":{"line":179,"column":18},"end":{"line":179,"column":19}},"loc":{"start":{"line":179,"column":26},"end":{"line":184,"column":5}},"line":179},"20":{"name":"(anonymous_20)","decl":{"start":{"line":181,"column":79},"end":{"line":181,"column":80}},"loc":{"start":{"line":181,"column":86},"end":{"line":183,"column":9}},"line":181},"21":{"name":"(anonymous_21)","decl":{"start":{"line":191,"column":21},"end":{"line":191,"column":22}},"loc":{"start":{"line":191,"column":27},"end":{"line":208,"column":5}},"line":191},"22":{"name":"(anonymous_22)","decl":{"start":{"line":196,"column":12},"end":{"line":196,"column":13}},"loc":{"start":{"line":196,"column":24},"end":{"line":205,"column":7}},"line":196},"23":{"name":"(anonymous_23)","decl":{"start":{"line":198,"column":13},"end":{"line":198,"column":14}},"loc":{"start":{"line":198,"column":21},"end":{"line":203,"column":9}},"line":198}},"branchMap":{"0":{"loc":{"start":{"line":16,"column":9},"end":{"line":34,"column":11}},"type":"cond-expr","locations":[{"start":{"line":17,"column":4},"end":{"line":34,"column":6}},{"start":{"line":34,"column":9},"end":{"line":34,"column":11}}],"line":16},"1":{"loc":{"start":{"line":16,"column":10},"end":{"line":16,"column":29}},"type":"binary-expr","locations":[{"start":{"line":16,"column":10},"end":{"line":16,"column":14}},{"start":{"line":16,"column":18},"end":{"line":16,"column":29}}],"line":16},"2":{"loc":{"start":{"line":21,"column":6},"end":{"line":31,"column":7}},"type":"if","locations":[{"start":{"line":21,"column":6},"end":{"line":31,"column":7}},{"start":{"line":21,"column":6},"end":{"line":31,"column":7}}],"line":21},"3":{"loc":{"start":{"line":45,"column":20},"end":{"line":46,"column":40}},"type":"cond-expr","locations":[{"start":{"line":46,"column":4},"end":{"line":46,"column":35}},{"start":{"line":46,"column":38},"end":{"line":46,"column":40}}],"line":45},"4":{"loc":{"start":{"line":47,"column":19},"end":{"line":48,"column":53}},"type":"cond-expr","locations":[{"start":{"line":48,"column":2},"end":{"line":48,"column":33}},{"start":{"line":48,"column":36},"end":{"line":48,"column":53}}],"line":47},"5":{"loc":{"start":{"line":76,"column":9},"end":{"line":76,"column":84}},"type":"cond-expr","locations":[{"start":{"line":76,"column":33},"end":{"line":76,"column":79}},{"start":{"line":76,"column":82},"end":{"line":76,"column":84}}],"line":76},"6":{"loc":{"start":{"line":76,"column":9},"end":{"line":76,"column":30}},"type":"binary-expr","locations":[{"start":{"line":76,"column":9},"end":{"line":76,"column":14}},{"start":{"line":76,"column":18},"end":{"line":76,"column":30}}],"line":76},"7":{"loc":{"start":{"line":80,"column":2},"end":{"line":87,"column":3}},"type":"switch","locations":[{"start":{"line":81,"column":4},"end":{"line":82,"column":22}},{"start":{"line":83,"column":4},"end":{"line":84,"column":23}},{"start":{"line":85,"column":4},"end":{"line":86,"column":22}}],"line":80},"8":{"loc":{"start":{"line":106,"column":4},"end":{"line":106,"column":96}},"type":"if","locations":[{"start":{"line":106,"column":4},"end":{"line":106,"column":96}},{"start":{"line":106,"column":4},"end":{"line":106,"column":96}}],"line":106},"9":{"loc":{"start":{"line":110,"column":4},"end":{"line":110,"column":75}},"type":"if","locations":[{"start":{"line":110,"column":4},"end":{"line":110,"column":75}},{"start":{"line":110,"column":4},"end":{"line":110,"column":75}}],"line":110},"10":{"loc":{"start":{"line":110,"column":8},"end":{"line":110,"column":57}},"type":"binary-expr","locations":[{"start":{"line":110,"column":8},"end":{"line":110,"column":34}},{"start":{"line":110,"column":38},"end":{"line":110,"column":57}}],"line":110},"11":{"loc":{"start":{"line":111,"column":4},"end":{"line":111,"column":71}},"type":"if","locations":[{"start":{"line":111,"column":4},"end":{"line":111,"column":71}},{"start":{"line":111,"column":4},"end":{"line":111,"column":71}}],"line":111},"12":{"loc":{"start":{"line":111,"column":8},"end":{"line":111,"column":52}},"type":"binary-expr","locations":[{"start":{"line":111,"column":8},"end":{"line":111,"column":29}},{"start":{"line":111,"column":33},"end":{"line":111,"column":52}}],"line":111},"13":{"loc":{"start":{"line":112,"column":4},"end":{"line":128,"column":5}},"type":"if","locations":[{"start":{"line":112,"column":4},"end":{"line":128,"column":5}},{"start":{"line":112,"column":4},"end":{"line":128,"column":5}}],"line":112},"14":{"loc":{"start":{"line":164,"column":4},"end":{"line":164,"column":76}},"type":"if","locations":[{"start":{"line":164,"column":4},"end":{"line":164,"column":76}},{"start":{"line":164,"column":4},"end":{"line":164,"column":76}}],"line":164},"15":{"loc":{"start":{"line":164,"column":8},"end":{"line":164,"column":58}},"type":"binary-expr","locations":[{"start":{"line":164,"column":8},"end":{"line":164,"column":34}},{"start":{"line":164,"column":38},"end":{"line":164,"column":58}}],"line":164},"16":{"loc":{"start":{"line":165,"column":4},"end":{"line":165,"column":76}},"type":"if","locations":[{"start":{"line":165,"column":4},"end":{"line":165,"column":76}},{"start":{"line":165,"column":4},"end":{"line":165,"column":76}}],"line":165},"17":{"loc":{"start":{"line":165,"column":8},"end":{"line":165,"column":56}},"type":"binary-expr","locations":[{"start":{"line":165,"column":8},"end":{"line":165,"column":32}},{"start":{"line":165,"column":36},"end":{"line":165,"column":56}}],"line":165},"18":{"loc":{"start":{"line":166,"column":4},"end":{"line":177,"column":5}},"type":"if","locations":[{"start":{"line":166,"column":4},"end":{"line":177,"column":5}},{"start":{"line":166,"column":4},"end":{"line":177,"column":5}}],"line":166},"19":{"loc":{"start":{"line":192,"column":4},"end":{"line":207,"column":7}},"type":"if","locations":[{"start":{"line":192,"column":4},"end":{"line":207,"column":7}},{"start":{"line":192,"column":4},"end":{"line":207,"column":7}}],"line":192}},"s":{"0":6,"1":21,"2":24,"3":24,"4":24,"5":6,"6":8,"7":8,"8":8,"9":8,"10":6,"11":5,"12":7,"13":5,"14":8,"15":6,"16":3,"17":1,"18":1,"19":1,"20":5,"21":5,"22":5,"23":5,"24":0,"25":5,"26":0,"27":5,"28":0,"29":5,"30":5,"31":5,"32":1,"33":1,"34":1,"35":1,"36":1,"37":2,"38":1,"39":2,"40":1,"41":2,"42":1,"43":4,"44":1,"45":1,"46":1,"47":1,"48":1,"49":1,"50":1,"51":1,"52":2,"53":2,"54":0,"55":2,"56":0,"57":5,"58":1,"59":1,"60":1,"61":5,"62":1,"63":1,"64":1,"65":4,"66":4,"67":3,"68":4,"69":3,"70":4,"71":3,"72":3,"73":3,"74":3,"75":1,"76":1,"77":1,"78":4,"79":16,"80":0,"81":4,"82":5,"83":5,"84":0,"85":0,"86":0,"87":0},"f":{"0":21,"1":24,"2":8,"3":5,"4":7,"5":8,"6":3,"7":5,"8":0,"9":0,"10":0,"11":1,"12":2,"13":4,"14":0,"15":0,"16":1,"17":1,"18":4,"19":16,"20":0,"21":5,"22":0,"23":0},"b":{"0":[6,15],"1":[21,6],"2":[24,0],"3":[0,8],"4":[0,8],"5":[4,1],"6":[5,5],"7":[1,1,1],"8":[1,0],"9":[1,1],"10":[2,1],"11":[1,1],"12":[2,1],"13":[1,1],"14":[3,1],"15":[4,3],"16":[3,1],"17":[4,3],"18":[3,1],"19":[0,5]},"_coverageSchema":"1a1c01bbd47fc00a2c39e90264f33305004495a9","hash":"96ccb26554730de2565ae16e3842c8082eb1090a"}
,"C:\\Users\\avata\\OneDrive\\Documents\\04OPENCLASSROOM DEV FRONTEND\\Projet 9\\Billed-Project-9\\Billed-app-FR-Front\\src\\containers\\Login.js": {"path":"C:\\Users\\avata\\OneDrive\\Documents\\04OPENCLASSROOM DEV FRONTEND\\Projet 9\\Billed-Project-9\\Billed-app-FR-Front\\src\\containers\\Login.js","statementMap":{"0":{"start":{"line":2,"column":31},"end":{"line":2,"column":33}},"1":{"start":{"line":6,"column":4},"end":{"line":6,"column":28}},"2":{"start":{"line":7,"column":4},"end":{"line":7,"column":36}},"3":{"start":{"line":8,"column":4},"end":{"line":8,"column":32}},"4":{"start":{"line":9,"column":4},"end":{"line":9,"column":46}},"5":{"start":{"line":10,"column":4},"end":{"line":10,"column":30}},"6":{"start":{"line":11,"column":25},"end":{"line":11,"column":89}},"7":{"start":{"line":12,"column":4},"end":{"line":12,"column":70}},"8":{"start":{"line":13,"column":22},"end":{"line":13,"column":83}},"9":{"start":{"line":14,"column":4},"end":{"line":14,"column":64}},"10":{"start":{"line":16,"column":25},"end":{"line":36,"column":3}},"11":{"start":{"line":17,"column":4},"end":{"line":17,"column":22}},"12":{"start":{"line":18,"column":17},"end":{"line":23,"column":5}},"13":{"start":{"line":24,"column":4},"end":{"line":24,"column":59}},"14":{"start":{"line":25,"column":4},"end":{"line":35,"column":8}},"15":{"start":{"line":28,"column":17},"end":{"line":28,"column":43}},"16":{"start":{"line":31,"column":8},"end":{"line":31,"column":45}},"17":{"start":{"line":32,"column":8},"end":{"line":32,"column":53}},"18":{"start":{"line":33,"column":8},"end":{"line":33,"column":50}},"19":{"start":{"line":34,"column":8},"end":{"line":34,"column":55}},"20":{"start":{"line":37,"column":22},"end":{"line":56,"column":3}},"21":{"start":{"line":38,"column":4},"end":{"line":38,"column":22}},"22":{"start":{"line":39,"column":17},"end":{"line":44,"column":5}},"23":{"start":{"line":45,"column":4},"end":{"line":45,"column":59}},"24":{"start":{"line":46,"column":4},"end":{"line":55,"column":8}},"25":{"start":{"line":48,"column":17},"end":{"line":48,"column":43}},"26":{"start":{"line":51,"column":8},"end":{"line":51,"column":49}},"27":{"start":{"line":52,"column":8},"end":{"line":52,"column":57}},"28":{"start":{"line":53,"column":8},"end":{"line":53,"column":50}},"29":{"start":{"line":54,"column":8},"end":{"line":54,"column":50}}},"fnMap":{"0":{"name":"(anonymous_0)","decl":{"start":{"line":5,"column":2},"end":{"line":5,"column":3}},"loc":{"start":{"line":5,"column":84},"end":{"line":15,"column":3}},"line":5},"1":{"name":"(anonymous_1)","decl":{"start":{"line":16,"column":25},"end":{"line":16,"column":26}},"loc":{"start":{"line":16,"column":30},"end":{"line":36,"column":3}},"line":16},"2":{"name":"(anonymous_2)","decl":{"start":{"line":28,"column":8},"end":{"line":28,"column":9}},"loc":{"start":{"line":28,"column":17},"end":{"line":28,"column":43}},"line":28},"3":{"name":"(anonymous_3)","decl":{"start":{"line":30,"column":12},"end":{"line":30,"column":13}},"loc":{"start":{"line":30,"column":18},"end":{"line":35,"column":7}},"line":30},"4":{"name":"(anonymous_4)","decl":{"start":{"line":37,"column":22},"end":{"line":37,"column":23}},"loc":{"start":{"line":37,"column":27},"end":{"line":56,"column":3}},"line":37},"5":{"name":"(anonymous_5)","decl":{"start":{"line":48,"column":8},"end":{"line":48,"column":9}},"loc":{"start":{"line":48,"column":17},"end":{"line":48,"column":43}},"line":48},"6":{"name":"(anonymous_6)","decl":{"start":{"line":50,"column":12},"end":{"line":50,"column":13}},"loc":{"start":{"line":50,"column":18},"end":{"line":55,"column":7}},"line":50}},"branchMap":{},"s":{"0":3,"1":2,"2":2,"3":2,"4":2,"5":2,"6":2,"7":2,"8":2,"9":2,"10":2,"11":2,"12":2,"13":2,"14":2,"15":0,"16":0,"17":0,"18":0,"19":0,"20":2,"21":2,"22":2,"23":2,"24":2,"25":0,"26":0,"27":0,"28":0,"29":0},"f":{"0":2,"1":2,"2":0,"3":0,"4":2,"5":0,"6":0},"b":{},"_coverageSchema":"1a1c01bbd47fc00a2c39e90264f33305004495a9","hash":"997b9221a892b23c7c3571c022914e6fde06ca48"}
,"C:\\Users\\avata\\OneDrive\\Documents\\04OPENCLASSROOM DEV FRONTEND\\Projet 9\\Billed-Project-9\\Billed-app-FR-Front\\src\\containers\\Logout.js": {"path":"C:\\Users\\avata\\OneDrive\\Documents\\04OPENCLASSROOM DEV FRONTEND\\Projet 9\\Billed-Project-9\\Billed-app-FR-Front\\src\\containers\\Logout.js","statementMap":{"0":{"start":{"line":5,"column":4},"end":{"line":5,"column":28}},"1":{"start":{"line":6,"column":4},"end":{"line":6,"column":32}},"2":{"start":{"line":7,"column":4},"end":{"line":7,"column":36}},"3":{"start":{"line":8,"column":4},"end":{"line":8,"column":51}},"4":{"start":{"line":11,"column":16},"end":{"line":14,"column":3}},"5":{"start":{"line":12,"column":4},"end":{"line":12,"column":29}},"6":{"start":{"line":13,"column":4},"end":{"line":13,"column":41}}},"fnMap":{"0":{"name":"(anonymous_0)","decl":{"start":{"line":4,"column":2},"end":{"line":4,"column":3}},"loc":{"start":{"line":4,"column":54},"end":{"line":9,"column":3}},"line":4},"1":{"name":"(anonymous_1)","decl":{"start":{"line":11,"column":16},"end":{"line":11,"column":17}},"loc":{"start":{"line":11,"column":23},"end":{"line":14,"column":3}},"line":11}},"branchMap":{},"s":{"0":13,"1":13,"2":13,"3":13,"4":13,"5":2,"6":2},"f":{"0":13,"1":2},"b":{},"_coverageSchema":"1a1c01bbd47fc00a2c39e90264f33305004495a9","hash":"902db1a1a98aba18551ab92ec1050d3d80fd9891"}
,"C:\\Users\\avata\\OneDrive\\Documents\\04OPENCLASSROOM DEV FRONTEND\\Projet 9\\Billed-Project-9\\Billed-app-FR-Front\\src\\containers\\NewBill.js": {"path":"C:\\Users\\avata\\OneDrive\\Documents\\04OPENCLASSROOM DEV FRONTEND\\Projet 9\\Billed-Project-9\\Billed-app-FR-Front\\src\\containers\\NewBill.js","statementMap":{"0":{"start":{"line":6,"column":4},"end":{"line":6,"column":28}},"1":{"start":{"line":7,"column":4},"end":{"line":7,"column":32}},"2":{"start":{"line":8,"column":4},"end":{"line":8,"column":30}},"3":{"start":{"line":9,"column":24},"end":{"line":9,"column":88}},"4":{"start":{"line":10,"column":4},"end":{"line":10,"column":61}},"5":{"start":{"line":11,"column":17},"end":{"line":11,"column":73}},"6":{"start":{"line":12,"column":4},"end":{"line":12,"column":58}},"7":{"start":{"line":13,"column":4},"end":{"line":13,"column":23}},"8":{"start":{"line":14,"column":4},"end":{"line":14,"column":24}},"9":{"start":{"line":15,"column":4},"end":{"line":15,"column":22}},"10":{"start":{"line":16,"column":4},"end":{"line":16,"column":54}},"11":{"start":{"line":19,"column":21},"end":{"line":63,"column":3}},"12":{"start":{"line":20,"column":4},"end":{"line":20,"column":49}},"13":{"start":{"line":22,"column":4},"end":{"line":22,"column":22}},"14":{"start":{"line":23,"column":17},"end":{"line":23,"column":82}},"15":{"start":{"line":24,"column":4},"end":{"line":24,"column":30}},"16":{"start":{"line":25,"column":21},"end":{"line":25,"column":48}},"17":{"start":{"line":26,"column":4},"end":{"line":26,"column":40}},"18":{"start":{"line":27,"column":21},"end":{"line":27,"column":48}},"19":{"start":{"line":28,"column":4},"end":{"line":28,"column":39}},"20":{"start":{"line":29,"column":22},"end":{"line":29,"column":42}},"21":{"start":{"line":30,"column":4},"end":{"line":30,"column":39}},"22":{"start":{"line":31,"column":21},"end":{"line":31,"column":35}},"23":{"start":{"line":32,"column":4},"end":{"line":32,"column":38}},"24":{"start":{"line":33,"column":18},"end":{"line":33,"column":64}},"25":{"start":{"line":34,"column":4},"end":{"line":34,"column":33}},"26":{"start":{"line":35,"column":4},"end":{"line":35,"column":33}},"27":{"start":{"line":36,"column":4},"end":{"line":36,"column":35}},"28":{"start":{"line":41,"column":6},"end":{"line":62,"column":5}},"29":{"start":{"line":44,"column":8},"end":{"line":44,"column":112}},"30":{"start":{"line":45,"column":8},"end":{"line":45,"column":32}},"31":{"start":{"line":46,"column":6},"end":{"line":46,"column":12}},"32":{"start":{"line":48,"column":8},"end":{"line":48,"column":31}},"33":{"start":{"line":49,"column":8},"end":{"line":61,"column":47}},"34":{"start":{"line":58,"column":10},"end":{"line":58,"column":27}},"35":{"start":{"line":59,"column":10},"end":{"line":59,"column":32}},"36":{"start":{"line":60,"column":10},"end":{"line":60,"column":34}},"37":{"start":{"line":61,"column":26},"end":{"line":61,"column":46}},"38":{"start":{"line":65,"column":17},"end":{"line":91,"column":3}},"39":{"start":{"line":66,"column":4},"end":{"line":66,"column":22}},"40":{"start":{"line":67,"column":18},"end":{"line":67,"column":64}},"41":{"start":{"line":68,"column":4},"end":{"line":89,"column":5}},"42":{"start":{"line":69,"column":19},"end":{"line":81,"column":7}},"43":{"start":{"line":83,"column":6},"end":{"line":83,"column":27}},"44":{"start":{"line":84,"column":6},"end":{"line":84,"column":43}},"45":{"start":{"line":87,"column":6},"end":{"line":87,"column":73}},"46":{"start":{"line":88,"column":6},"end":{"line":88,"column":12}}},"fnMap":{"0":{"name":"(anonymous_0)","decl":{"start":{"line":5,"column":2},"end":{"line":5,"column":3}},"loc":{"start":{"line":5,"column":64},"end":{"line":17,"column":3}},"line":5},"1":{"name":"(anonymous_1)","decl":{"start":{"line":19,"column":21},"end":{"line":19,"column":22}},"loc":{"start":{"line":19,"column":26},"end":{"line":63,"column":3}},"line":19},"2":{"name":"(anonymous_2)","decl":{"start":{"line":57,"column":14},"end":{"line":57,"column":15}},"loc":{"start":{"line":57,"column":34},"end":{"line":61,"column":9}},"line":57},"3":{"name":"(anonymous_3)","decl":{"start":{"line":61,"column":17},"end":{"line":61,"column":18}},"loc":{"start":{"line":61,"column":26},"end":{"line":61,"column":46}},"line":61},"4":{"name":"(anonymous_4)","decl":{"start":{"line":65,"column":17},"end":{"line":65,"column":18}},"loc":{"start":{"line":65,"column":22},"end":{"line":91,"column":3}},"line":65}},"branchMap":{"0":{"loc":{"start":{"line":41,"column":6},"end":{"line":62,"column":5}},"type":"if","locations":[{"start":{"line":41,"column":6},"end":{"line":62,"column":5}},{"start":{"line":41,"column":6},"end":{"line":62,"column":5}}],"line":41},"1":{"loc":{"start":{"line":68,"column":4},"end":{"line":89,"column":5}},"type":"if","locations":[{"start":{"line":68,"column":4},"end":{"line":89,"column":5}},{"start":{"line":68,"column":4},"end":{"line":89,"column":5}}],"line":68},"2":{"loc":{"start":{"line":76,"column":13},"end":{"line":76,"column":85}},"type":"binary-expr","locations":[{"start":{"line":76,"column":13},"end":{"line":76,"column":79}},{"start":{"line":76,"column":83},"end":{"line":76,"column":85}}],"line":76}},"s":{"0":4,"1":4,"2":4,"3":4,"4":4,"5":4,"6":4,"7":4,"8":4,"9":4,"10":4,"11":4,"12":2,"13":2,"14":2,"15":2,"16":2,"17":2,"18":2,"19":2,"20":2,"21":2,"22":2,"23":2,"24":2,"25":2,"26":2,"27":2,"28":2,"29":2,"30":2,"31":2,"32":0,"33":0,"34":0,"35":0,"36":0,"37":0,"38":4,"39":4,"40":4,"41":4,"42":0,"43":0,"44":0,"45":4,"46":4},"f":{"0":4,"1":2,"2":0,"3":0,"4":4},"b":{"0":[2,0],"1":[0,4],"2":[0,0]},"_coverageSchema":"1a1c01bbd47fc00a2c39e90264f33305004495a9","hash":"3768c7cd22a1eda587b116236b21307c35c07f54"}
,"C:\\Users\\avata\\OneDrive\\Documents\\04OPENCLASSROOM DEV FRONTEND\\Projet 9\\Billed-Project-9\\Billed-app-FR-Front\\src\\views\\Actions.js": {"path":"C:\\Users\\avata\\OneDrive\\Documents\\04OPENCLASSROOM DEV FRONTEND\\Projet 9\\Billed-Project-9\\Billed-app-FR-Front\\src\\views\\Actions.js","statementMap":{"0":{"start":{"line":5,"column":2},"end":{"line":11,"column":3}}},"fnMap":{"0":{"name":"(anonymous_0)","decl":{"start":{"line":4,"column":15},"end":{"line":4,"column":16}},"loc":{"start":{"line":4,"column":28},"end":{"line":12,"column":1}},"line":4}},"branchMap":{},"s":{"0":14},"f":{"0":14},"b":{},"_coverageSchema":"1a1c01bbd47fc00a2c39e90264f33305004495a9","hash":"6231bb4aa1156b44a62f834db62dabd2c1ef1f25"}
,"C:\\Users\\avata\\OneDrive\\Documents\\04OPENCLASSROOM DEV FRONTEND\\Projet 9\\Billed-Project-9\\Billed-app-FR-Front\\src\\views\\BillsUI.js": {"path":"C:\\Users\\avata\\OneDrive\\Documents\\04OPENCLASSROOM DEV FRONTEND\\Projet 9\\Billed-Project-9\\Billed-app-FR-Front\\src\\views\\BillsUI.js","statementMap":{"0":{"start":{"line":7,"column":12},"end":{"line":20,"column":3}},"1":{"start":{"line":8,"column":2},"end":{"line":19,"column":6}},"2":{"start":{"line":22,"column":13},"end":{"line":24,"column":1}},"3":{"start":{"line":23,"column":2},"end":{"line":23,"column":74}},"4":{"start":{"line":23,"column":50},"end":{"line":23,"column":59}},"5":{"start":{"line":28,"column":16},"end":{"line":43,"column":4}},"6":{"start":{"line":28,"column":23},"end":{"line":43,"column":3}},"7":{"start":{"line":45,"column":2},"end":{"line":49,"column":3}},"8":{"start":{"line":46,"column":4},"end":{"line":46,"column":24}},"9":{"start":{"line":47,"column":9},"end":{"line":49,"column":3}},"10":{"start":{"line":48,"column":4},"end":{"line":48,"column":27}},"11":{"start":{"line":53,"column":2},"end":{"line":55,"column":3}},"12":{"start":{"line":54,"column":4},"end":{"line":54,"column":80}},"13":{"start":{"line":54,"column":44},"end":{"line":54,"column":79}},"14":{"start":{"line":57,"column":2},"end":{"line":59,"column":5}},"15":{"start":{"line":58,"column":4},"end":{"line":58,"column":30}},"16":{"start":{"line":61,"column":2},"end":{"line":89,"column":3}}},"fnMap":{"0":{"name":"(anonymous_0)","decl":{"start":{"line":7,"column":12},"end":{"line":7,"column":13}},"loc":{"start":{"line":7,"column":22},"end":{"line":20,"column":3}},"line":7},"1":{"name":"(anonymous_1)","decl":{"start":{"line":22,"column":13},"end":{"line":22,"column":14}},"loc":{"start":{"line":22,"column":23},"end":{"line":24,"column":1}},"line":22},"2":{"name":"(anonymous_2)","decl":{"start":{"line":23,"column":42},"end":{"line":23,"column":43}},"loc":{"start":{"line":23,"column":50},"end":{"line":23,"column":59}},"line":23},"3":{"name":"(anonymous_3)","decl":{"start":{"line":26,"column":15},"end":{"line":26,"column":16}},"loc":{"start":{"line":26,"column":52},"end":{"line":90,"column":1}},"line":26},"4":{"name":"(anonymous_4)","decl":{"start":{"line":28,"column":16},"end":{"line":28,"column":17}},"loc":{"start":{"line":28,"column":23},"end":{"line":43,"column":3}},"line":28},"5":{"name":"(anonymous_5)","decl":{"start":{"line":54,"column":34},"end":{"line":54,"column":35}},"loc":{"start":{"line":54,"column":44},"end":{"line":54,"column":79}},"line":54},"6":{"name":"(anonymous_6)","decl":{"start":{"line":57,"column":16},"end":{"line":57,"column":17}},"loc":{"start":{"line":57,"column":27},"end":{"line":59,"column":3}},"line":57}},"branchMap":{"0":{"loc":{"start":{"line":23,"column":9},"end":{"line":23,"column":74}},"type":"cond-expr","locations":[{"start":{"line":23,"column":33},"end":{"line":23,"column":69}},{"start":{"line":23,"column":72},"end":{"line":23,"column":74}}],"line":23},"1":{"loc":{"start":{"line":23,"column":10},"end":{"line":23,"column":29}},"type":"binary-expr","locations":[{"start":{"line":23,"column":10},"end":{"line":23,"column":14}},{"start":{"line":23,"column":18},"end":{"line":23,"column":29}}],"line":23},"2":{"loc":{"start":{"line":45,"column":2},"end":{"line":49,"column":3}},"type":"if","locations":[{"start":{"line":45,"column":2},"end":{"line":49,"column":3}},{"start":{"line":45,"column":2},"end":{"line":49,"column":3}}],"line":45},"3":{"loc":{"start":{"line":47,"column":9},"end":{"line":49,"column":3}},"type":"if","locations":[{"start":{"line":47,"column":9},"end":{"line":49,"column":3}},{"start":{"line":47,"column":9},"end":{"line":49,"column":3}}],"line":47},"4":{"loc":{"start":{"line":53,"column":2},"end":{"line":55,"column":3}},"type":"if","locations":[{"start":{"line":53,"column":2},"end":{"line":55,"column":3}},{"start":{"line":53,"column":2},"end":{"line":55,"column":3}}],"line":53}},"s":{"0":6,"1":12,"2":6,"3":4,"4":12,"5":11,"6":4,"7":11,"8":2,"9":9,"10":4,"11":5,"12":5,"13":18,"14":4,"15":12,"16":4},"f":{"0":12,"1":4,"2":12,"3":11,"4":4,"5":18,"6":12},"b":{"0":[3,1],"1":[4,4],"2":[2,9],"3":[4,5],"4":[5,0]},"_coverageSchema":"1a1c01bbd47fc00a2c39e90264f33305004495a9","hash":"4395c2345555dc53e34f280e667795cf846f9b39"}
,"C:\\Users\\avata\\OneDrive\\Documents\\04OPENCLASSROOM DEV FRONTEND\\Projet 9\\Billed-Project-9\\Billed-app-FR-Front\\src\\views\\DashboardFormUI.js": {"path":"C:\\Users\\avata\\OneDrive\\Documents\\04OPENCLASSROOM DEV FRONTEND\\Projet 9\\Billed-Project-9\\Billed-app-FR-Front\\src\\views\\DashboardFormUI.js","statementMap":{"0":{"start":{"line":7,"column":21},"end":{"line":22,"column":4}},"1":{"start":{"line":7,"column":28},"end":{"line":22,"column":3}},"2":{"start":{"line":26,"column":2},"end":{"line":101,"column":4}}},"fnMap":{"0":{"name":"(anonymous_0)","decl":{"start":{"line":7,"column":21},"end":{"line":7,"column":22}},"loc":{"start":{"line":7,"column":28},"end":{"line":22,"column":3}},"line":7},"1":{"name":"(anonymous_1)","decl":{"start":{"line":24,"column":15},"end":{"line":24,"column":16}},"loc":{"start":{"line":24,"column":25},"end":{"line":102,"column":1}},"line":24}},"branchMap":{"0":{"loc":{"start":{"line":79,"column":9},"end":{"line":89,"column":9}},"type":"cond-expr","locations":[{"start":{"line":79,"column":38},"end":{"line":84,"column":8}},{"start":{"line":84,"column":13},"end":{"line":89,"column":8}}],"line":79},"1":{"loc":{"start":{"line":92,"column":8},"end":{"line":97,"column":13}},"type":"cond-expr","locations":[{"start":{"line":92,"column":37},"end":{"line":97,"column":7}},{"start":{"line":97,"column":11},"end":{"line":97,"column":13}}],"line":92}},"s":{"0":7,"1":8,"2":8},"f":{"0":8,"1":8},"b":{"0":[5,3],"1":[5,3]},"_coverageSchema":"1a1c01bbd47fc00a2c39e90264f33305004495a9","hash":"1c7ccbaa04747c740ebedc963dbcd12fd534ef9f"}
,"C:\\Users\\avata\\OneDrive\\Documents\\04OPENCLASSROOM DEV FRONTEND\\Projet 9\\Billed-Project-9\\Billed-app-FR-Front\\src\\views\\DashboardUI.js": {"path":"C:\\Users\\avata\\OneDrive\\Documents\\04OPENCLASSROOM DEV FRONTEND\\Projet 9\\Billed-Project-9\\Billed-app-FR-Front\\src\\views\\DashboardUI.js","statementMap":{"0":{"start":{"line":10,"column":2},"end":{"line":14,"column":3}},"1":{"start":{"line":11,"column":4},"end":{"line":11,"column":24}},"2":{"start":{"line":12,"column":9},"end":{"line":14,"column":3}},"3":{"start":{"line":13,"column":4},"end":{"line":13,"column":27}},"4":{"start":{"line":16,"column":2},"end":{"line":48,"column":3}}},"fnMap":{"0":{"name":"(anonymous_0)","decl":{"start":{"line":8,"column":15},"end":{"line":8,"column":16}},"loc":{"start":{"line":8,"column":45},"end":{"line":49,"column":1}},"line":8}},"branchMap":{"0":{"loc":{"start":{"line":10,"column":2},"end":{"line":14,"column":3}},"type":"if","locations":[{"start":{"line":10,"column":2},"end":{"line":14,"column":3}},{"start":{"line":10,"column":2},"end":{"line":14,"column":3}}],"line":10},"1":{"loc":{"start":{"line":12,"column":9},"end":{"line":14,"column":3}},"type":"if","locations":[{"start":{"line":12,"column":9},"end":{"line":14,"column":3}},{"start":{"line":12,"column":9},"end":{"line":14,"column":3}}],"line":12},"2":{"loc":{"start":{"line":22,"column":45},"end":{"line":22,"column":63}},"type":"binary-expr","locations":[{"start":{"line":22,"column":45},"end":{"line":22,"column":49}},{"start":{"line":22,"column":53},"end":{"line":22,"column":63}}],"line":22},"3":{"loc":{"start":{"line":29,"column":43},"end":{"line":29,"column":61}},"type":"binary-expr","locations":[{"start":{"line":29,"column":43},"end":{"line":29,"column":47}},{"start":{"line":29,"column":51},"end":{"line":29,"column":61}}],"line":29},"4":{"loc":{"start":{"line":36,"column":43},"end":{"line":36,"column":61}},"type":"binary-expr","locations":[{"start":{"line":36,"column":43},"end":{"line":36,"column":47}},{"start":{"line":36,"column":51},"end":{"line":36,"column":61}}],"line":36}},"s":{"0":9,"1":1,"2":8,"3":3,"4":5},"f":{"0":9},"b":{"0":[1,8],"1":[3,5],"2":[5,2],"3":[5,2],"4":[5,2]},"_coverageSchema":"1a1c01bbd47fc00a2c39e90264f33305004495a9","hash":"96dd9334061c0cd9c081aa714aaaa92fb50be4eb"}
,"C:\\Users\\avata\\OneDrive\\Documents\\04OPENCLASSROOM DEV FRONTEND\\Projet 9\\Billed-Project-9\\Billed-app-FR-Front\\src\\views\\ErrorPage.js": {"path":"C:\\Users\\avata\\OneDrive\\Documents\\04OPENCLASSROOM DEV FRONTEND\\Projet 9\\Billed-Project-9\\Billed-app-FR-Front\\src\\views\\ErrorPage.js","statementMap":{"0":{"start":{"line":4,"column":2},"end":{"line":15,"column":3}}},"fnMap":{"0":{"name":"(anonymous_0)","decl":{"start":{"line":3,"column":15},"end":{"line":3,"column":16}},"loc":{"start":{"line":3,"column":26},"end":{"line":16,"column":1}},"line":3}},"branchMap":{"0":{"loc":{"start":{"line":12,"column":12},"end":{"line":12,"column":30}},"type":"cond-expr","locations":[{"start":{"line":12,"column":20},"end":{"line":12,"column":25}},{"start":{"line":12,"column":28},"end":{"line":12,"column":30}}],"line":12}},"s":{"0":9},"f":{"0":9},"b":{"0":[8,1]},"_coverageSchema":"1a1c01bbd47fc00a2c39e90264f33305004495a9","hash":"1da99dea9229e3ef0ed4debdf0872a6263ce5b74"}
,"C:\\Users\\avata\\OneDrive\\Documents\\04OPENCLASSROOM DEV FRONTEND\\Projet 9\\Billed-Project-9\\Billed-app-FR-Front\\src\\views\\LoadingPage.js": {"path":"C:\\Users\\avata\\OneDrive\\Documents\\04OPENCLASSROOM DEV FRONTEND\\Projet 9\\Billed-Project-9\\Billed-app-FR-Front\\src\\views\\LoadingPage.js","statementMap":{"0":{"start":{"line":5,"column":2},"end":{"line":12,"column":3}}},"fnMap":{"0":{"name":"(anonymous_0)","decl":{"start":{"line":3,"column":15},"end":{"line":3,"column":16}},"loc":{"start":{"line":3,"column":21},"end":{"line":13,"column":1}},"line":3}},"branchMap":{},"s":{"0":4},"f":{"0":4},"b":{},"_coverageSchema":"1a1c01bbd47fc00a2c39e90264f33305004495a9","hash":"a9bfadb260252c4d3fbe834feebf4730e9ffa8cc"}
,"C:\\Users\\avata\\OneDrive\\Documents\\04OPENCLASSROOM DEV FRONTEND\\Projet 9\\Billed-Project-9\\Billed-app-FR-Front\\src\\views\\LoginUI.js": {"path":"C:\\Users\\avata\\OneDrive\\Documents\\04OPENCLASSROOM DEV FRONTEND\\Projet 9\\Billed-Project-9\\Billed-app-FR-Front\\src\\views\\LoginUI.js","statementMap":{"0":{"start":{"line":4,"column":2},"end":{"line":46,"column":4}}},"fnMap":{"0":{"name":"(anonymous_0)","decl":{"start":{"line":2,"column":15},"end":{"line":2,"column":16}},"loc":{"start":{"line":2,"column":21},"end":{"line":47,"column":1}},"line":2}},"branchMap":{},"s":{"0":11},"f":{"0":11},"b":{},"_coverageSchema":"1a1c01bbd47fc00a2c39e90264f33305004495a9","hash":"cc2df1750454c1bf21cffbadeb28ed691099ad83"}
,"C:\\Users\\avata\\OneDrive\\Documents\\04OPENCLASSROOM DEV FRONTEND\\Projet 9\\Billed-Project-9\\Billed-app-FR-Front\\src\\views\\NewBillUI.js": {"path":"C:\\Users\\avata\\OneDrive\\Documents\\04OPENCLASSROOM DEV FRONTEND\\Projet 9\\Billed-Project-9\\Billed-app-FR-Front\\src\\views\\NewBillUI.js","statementMap":{"0":{"start":{"line":5,"column":2},"end":{"line":73,"column":4}}},"fnMap":{"0":{"name":"(anonymous_0)","decl":{"start":{"line":3,"column":15},"end":{"line":3,"column":16}},"loc":{"start":{"line":3,"column":21},"end":{"line":74,"column":1}},"line":3}},"branchMap":{},"s":{"0":11},"f":{"0":11},"b":{},"_coverageSchema":"1a1c01bbd47fc00a2c39e90264f33305004495a9","hash":"008a71376389a9e42254357b0be9dcc250cfe4f1"}
,"C:\\Users\\avata\\OneDrive\\Documents\\04OPENCLASSROOM DEV FRONTEND\\Projet 9\\Billed-Project-9\\Billed-app-FR-Front\\src\\views\\VerticalLayout.js": {"path":"C:\\Users\\avata\\OneDrive\\Documents\\04OPENCLASSROOM DEV FRONTEND\\Projet 9\\Billed-Project-9\\Billed-app-FR-Front\\src\\views\\VerticalLayout.js","statementMap":{"0":{"start":{"line":7,"column":4},"end":{"line":7,"column":51}},"1":{"start":{"line":8,"column":4},"end":{"line":10,"column":5}},"2":{"start":{"line":9,"column":6},"end":{"line":9,"column":29}},"3":{"start":{"line":11,"column":4},"end":{"line":39,"column":5}},"4":{"start":{"line":12,"column":6},"end":{"line":27,"column":7}},"5":{"start":{"line":29,"column":6},"end":{"line":38,"column":7}}},"fnMap":{"0":{"name":"(anonymous_0)","decl":{"start":{"line":5,"column":15},"end":{"line":5,"column":16}},"loc":{"start":{"line":5,"column":27},"end":{"line":40,"column":1}},"line":5}},"branchMap":{"0":{"loc":{"start":{"line":8,"column":4},"end":{"line":10,"column":5}},"type":"if","locations":[{"start":{"line":8,"column":4},"end":{"line":10,"column":5}},{"start":{"line":8,"column":4},"end":{"line":10,"column":5}}],"line":8},"1":{"loc":{"start":{"line":11,"column":4},"end":{"line":39,"column":5}},"type":"if","locations":[{"start":{"line":11,"column":4},"end":{"line":39,"column":5}},{"start":{"line":11,"column":4},"end":{"line":39,"column":5}}],"line":11},"2":{"loc":{"start":{"line":11,"column":8},"end":{"line":11,"column":40}},"type":"binary-expr","locations":[{"start":{"line":11,"column":8},"end":{"line":11,"column":12}},{"start":{"line":11,"column":16},"end":{"line":11,"column":40}}],"line":11}},"s":{"0":34,"1":34,"2":10,"3":34,"4":15,"5":19},"f":{"0":34},"b":{"0":[10,24],"1":[15,19],"2":[34,21]},"_coverageSchema":"1a1c01bbd47fc00a2c39e90264f33305004495a9","hash":"f838f31aa02b1bd910c173aff41b0384a8d4edcc"}
}
