TN:
SF:src\constants\routes.js
FN:13,(anonymous_0)
FNF:1
FNH:1
FNDA:14,(anonymous_0)
DA:6,6
DA:13,6
DA:14,14
DA:16,3
DA:18,3
DA:20,3
DA:22,3
DA:24,2
LF:8
LH:8
BRDA:14,0,0,3
BRDA:14,0,1,3
BRDA:14,0,2,3
BRDA:14,0,3,3
BRDA:14,0,4,2
BRF:5
BRH:5
end_of_record
TN:
SF:src\constants\usersTest.js
FNF:0
FNH:0
LF:0
LH:0
BRF:0
BRH:0
end_of_record
TN:
SF:src\containers\Bills.js
FN:6,(anonymous_0)
FN:13,(anonymous_1)
FN:14,(anonymous_2)
FN:18,(anonymous_3)
FN:21,(anonymous_4)
FNF:5
FNH:5
FNDA:3,(anonymous_0)
FNDA:8,(anonymous_1)
FNDA:1,(anonymous_2)
FNDA:2,(anonymous_3)
FNDA:2,(anonymous_4)
DA:7,3
DA:8,3
DA:9,3
DA:10,3
DA:11,3
DA:12,3
DA:13,3
DA:14,8
DA:16,3
DA:18,3
DA:19,2
DA:21,3
DA:22,2
DA:23,2
DA:24,2
DA:25,2
LF:16
LH:16
BRDA:11,0,0,2
BRDA:11,0,1,1
BRDA:13,1,0,3
BRDA:13,1,1,0
BRF:4
BRH:3
end_of_record
TN:
SF:src\containers\Dashboard.js
FN:15,(anonymous_0)
FN:17,(anonymous_1)
FN:43,(anonymous_2)
FN:74,(anonymous_3)
FN:75,(anonymous_4)
FN:76,(anonymous_5)
FN:79,(anonymous_6)
FN:91,(anonymous_7)
FN:95,(anonymous_8)
FN:96,(anonymous_9)
FN:97,(anonymous_10)
FN:102,(anonymous_11)
FN:109,(anonymous_12)
FN:113,(anonymous_13)
FN:130,(anonymous_14)
FN:131,(anonymous_15)
FN:134,(anonymous_16)
FN:144,(anonymous_17)
FN:162,(anonymous_18)
FN:179,(anonymous_19)
FN:181,(anonymous_20)
FN:191,(anonymous_21)
FN:196,(anonymous_22)
FN:198,(anonymous_23)
FNF:24
FNH:16
FNDA:21,(anonymous_0)
FNDA:24,(anonymous_1)
FNDA:8,(anonymous_2)
FNDA:5,(anonymous_3)
FNDA:7,(anonymous_4)
FNDA:8,(anonymous_5)
FNDA:3,(anonymous_6)
FNDA:5,(anonymous_7)
FNDA:0,(anonymous_8)
FNDA:0,(anonymous_9)
FNDA:0,(anonymous_10)
FNDA:1,(anonymous_11)
FNDA:2,(anonymous_12)
FNDA:4,(anonymous_13)
FNDA:0,(anonymous_14)
FNDA:0,(anonymous_15)
FNDA:1,(anonymous_16)
FNDA:1,(anonymous_17)
FNDA:4,(anonymous_18)
FNDA:16,(anonymous_19)
FNDA:0,(anonymous_20)
FNDA:5,(anonymous_21)
FNDA:0,(anonymous_22)
FNDA:0,(anonymous_23)
DA:15,6
DA:16,21
DA:21,24
DA:22,24
DA:33,24
DA:43,6
DA:44,8
DA:45,8
DA:47,8
DA:50,8
DA:74,6
DA:75,7
DA:76,8
DA:79,6
DA:80,3
DA:82,1
DA:84,1
DA:86,1
DA:92,5
DA:93,5
DA:94,5
DA:95,5
DA:96,5
DA:97,5
DA:98,5
DA:99,5
DA:102,5
DA:103,1
DA:104,1
DA:105,1
DA:106,1
DA:110,2
DA:111,2
DA:112,2
DA:113,1
DA:114,4
DA:116,1
DA:117,1
DA:118,1
DA:119,1
DA:121,1
DA:123,1
DA:126,1
DA:127,1
DA:129,2
DA:130,2
DA:131,2
DA:134,5
DA:135,1
DA:140,1
DA:141,1
DA:144,5
DA:145,1
DA:150,1
DA:151,1
DA:163,4
DA:164,4
DA:165,4
DA:166,4
DA:167,3
DA:168,3
DA:170,3
DA:171,3
DA:173,1
DA:174,1
DA:176,1
DA:179,4
DA:181,16
DA:182,0
DA:186,4
DA:191,5
DA:192,5
DA:193,0
DA:197,0
DA:198,0
DA:204,0
LF:76
LH:71
BRDA:16,0,0,6
BRDA:16,0,1,15
BRDA:16,1,0,21
BRDA:16,1,1,6
BRDA:21,2,0,24
BRDA:21,2,1,0
BRDA:45,3,0,0
BRDA:45,3,1,8
BRDA:47,4,0,0
BRDA:47,4,1,8
BRDA:76,5,0,4
BRDA:76,5,1,1
BRDA:76,6,0,5
BRDA:76,6,1,5
BRDA:80,7,0,1
BRDA:80,7,1,1
BRDA:80,7,2,1
BRDA:106,8,0,1
BRDA:106,8,1,0
BRDA:110,9,0,1
BRDA:110,9,1,1
BRDA:110,10,0,2
BRDA:110,10,1,1
BRDA:111,11,0,1
BRDA:111,11,1,1
BRDA:111,12,0,2
BRDA:111,12,1,1
BRDA:112,13,0,1
BRDA:112,13,1,1
BRDA:164,14,0,3
BRDA:164,14,1,1
BRDA:164,15,0,4
BRDA:164,15,1,3
BRDA:165,16,0,3
BRDA:165,16,1,1
BRDA:165,17,0,4
BRDA:165,17,1,3
BRDA:166,18,0,3
BRDA:166,18,1,1
BRDA:192,19,0,0
BRDA:192,19,1,5
BRF:41
BRH:36
end_of_record
TN:
SF:src\containers\Login.js
FN:5,(anonymous_0)
FN:16,(anonymous_1)
FN:28,(anonymous_2)
FN:30,(anonymous_3)
FN:37,(anonymous_4)
FN:48,(anonymous_5)
FN:50,(anonymous_6)
FNF:7
FNH:3
FNDA:2,(anonymous_0)
FNDA:2,(anonymous_1)
FNDA:0,(anonymous_2)
FNDA:0,(anonymous_3)
FNDA:2,(anonymous_4)
FNDA:0,(anonymous_5)
FNDA:0,(anonymous_6)
DA:2,3
DA:6,2
DA:7,2
DA:8,2
DA:9,2
DA:10,2
DA:11,2
DA:12,2
DA:13,2
DA:14,2
DA:16,2
DA:17,2
DA:18,2
DA:24,2
DA:25,2
DA:28,0
DA:31,0
DA:32,0
DA:33,0
DA:34,0
DA:37,2
DA:38,2
DA:39,2
DA:45,2
DA:46,2
DA:48,0
DA:51,0
DA:52,0
DA:53,0
DA:54,0
LF:30
LH:20
BRF:0
BRH:0
end_of_record
TN:
SF:src\containers\Logout.js
FN:4,(anonymous_0)
FN:11,(anonymous_1)
FNF:2
FNH:2
FNDA:13,(anonymous_0)
FNDA:2,(anonymous_1)
DA:5,13
DA:6,13
DA:7,13
DA:8,13
DA:11,13
DA:12,2
DA:13,2
LF:7
LH:7
BRF:0
BRH:0
end_of_record
TN:
SF:src\containers\NewBill.js
FN:5,(anonymous_0)
FN:19,(anonymous_1)
FN:57,(anonymous_2)
FN:61,(anonymous_3)
FN:65,(anonymous_4)
FNF:5
FNH:3
FNDA:4,(anonymous_0)
FNDA:2,(anonymous_1)
FNDA:0,(anonymous_2)
FNDA:0,(anonymous_3)
FNDA:4,(anonymous_4)
DA:6,4
DA:7,4
DA:8,4
DA:9,4
DA:10,4
DA:11,4
DA:12,4
DA:13,4
DA:14,4
DA:15,4
DA:16,4
DA:19,4
DA:20,2
DA:22,2
DA:23,2
DA:24,2
DA:25,2
DA:26,2
DA:27,2
DA:28,2
DA:29,2
DA:30,2
DA:31,2
DA:32,2
DA:33,2
DA:34,2
DA:35,2
DA:36,2
DA:41,2
DA:44,2
DA:45,2
DA:46,2
DA:48,0
DA:49,0
DA:58,0
DA:59,0
DA:60,0
DA:61,0
DA:65,4
DA:66,4
DA:67,4
DA:68,4
DA:69,0
DA:83,0
DA:84,0
DA:87,4
DA:88,4
LF:47
LH:38
BRDA:41,0,0,2
BRDA:41,0,1,0
BRDA:68,1,0,0
BRDA:68,1,1,4
BRDA:76,2,0,0
BRDA:76,2,1,0
BRF:6
BRH:2
end_of_record
TN:
SF:src\views\Actions.js
FN:4,(anonymous_0)
FNF:1
FNH:1
FNDA:14,(anonymous_0)
DA:5,14
LF:1
LH:1
BRF:0
BRH:0
end_of_record
TN:
SF:src\views\BillsUI.js
FN:7,(anonymous_0)
FN:22,(anonymous_1)
FN:23,(anonymous_2)
FN:26,(anonymous_3)
FN:28,(anonymous_4)
FN:54,(anonymous_5)
FN:57,(anonymous_6)
FNF:7
FNH:7
FNDA:12,(anonymous_0)
FNDA:4,(anonymous_1)
FNDA:12,(anonymous_2)
FNDA:11,(anonymous_3)
FNDA:4,(anonymous_4)
FNDA:18,(anonymous_5)
FNDA:12,(anonymous_6)
DA:7,6
DA:8,12
DA:22,6
DA:23,12
DA:28,11
DA:45,11
DA:46,2
DA:47,9
DA:48,4
DA:53,5
DA:54,18
DA:57,4
DA:58,12
DA:61,4
LF:14
LH:14
BRDA:23,0,0,3
BRDA:23,0,1,1
BRDA:23,1,0,4
BRDA:23,1,1,4
BRDA:45,2,0,2
BRDA:45,2,1,9
BRDA:47,3,0,4
BRDA:47,3,1,5
BRDA:53,4,0,5
BRDA:53,4,1,0
BRF:10
BRH:9
end_of_record
TN:
SF:src\views\DashboardFormUI.js
FN:7,(anonymous_0)
FN:24,(anonymous_1)
FNF:2
FNH:2
FNDA:8,(anonymous_0)
FNDA:8,(anonymous_1)
DA:7,8
DA:26,8
LF:2
LH:2
BRDA:79,0,0,5
BRDA:79,0,1,3
BRDA:92,1,0,5
BRDA:92,1,1,3
BRF:4
BRH:4
end_of_record
TN:
SF:src\views\DashboardUI.js
FN:8,(anonymous_0)
FNF:1
FNH:1
FNDA:9,(anonymous_0)
DA:10,9
DA:11,1
DA:12,8
DA:13,3
DA:16,5
LF:5
LH:5
BRDA:10,0,0,1
BRDA:10,0,1,8
BRDA:12,1,0,3
BRDA:12,1,1,5
BRDA:22,2,0,5
BRDA:22,2,1,2
BRDA:29,3,0,5
BRDA:29,3,1,2
BRDA:36,4,0,5
BRDA:36,4,1,2
BRF:10
BRH:10
end_of_record
TN:
SF:src\views\ErrorPage.js
FN:3,(anonymous_0)
FNF:1
FNH:1
FNDA:9,(anonymous_0)
DA:4,9
LF:1
LH:1
BRDA:12,0,0,8
BRDA:12,0,1,1
BRF:2
BRH:2
end_of_record
TN:
SF:src\views\LoadingPage.js
FN:3,(anonymous_0)
FNF:1
FNH:1
FNDA:4,(anonymous_0)
DA:5,4
LF:1
LH:1
BRF:0
BRH:0
end_of_record
TN:
SF:src\views\LoginUI.js
FN:2,(anonymous_0)
FNF:1
FNH:1
FNDA:11,(anonymous_0)
DA:4,11
LF:1
LH:1
BRF:0
BRH:0
end_of_record
TN:
SF:src\views\NewBillUI.js
FN:3,(anonymous_0)
FNF:1
FNH:1
FNDA:11,(anonymous_0)
DA:5,11
LF:1
LH:1
BRF:0
BRH:0
end_of_record
TN:
SF:src\views\VerticalLayout.js
FN:5,(anonymous_0)
FNF:1
FNH:1
FNDA:34,(anonymous_0)
DA:7,34
DA:8,34
DA:9,10
DA:11,34
DA:12,15
DA:29,19
LF:6
LH:6
BRDA:8,0,0,10
BRDA:8,0,1,24
BRDA:11,1,0,15
BRDA:11,1,1,19
BRDA:11,2,0,34
BRDA:11,2,1,21
BRF:6
BRH:6
end_of_record
